C:\Users\Dipak\source\repos\Forex\Forex.WebApp\wwwroot\dist\out-tsc\e2e\src\app.po.js
C:\Users\Dipak\source\repos\Forex\Forex.WebApp\wwwroot\dist\out-tsc\e2e\src\app.po.js.map
C:\Users\Dipak\source\repos\Forex\Forex.WebApp\wwwroot\dist\out-tsc\e2e\src\app.e2e-spec.js
C:\Users\Dipak\source\repos\Forex\Forex.WebApp\wwwroot\dist\out-tsc\e2e\src\app.e2e-spec.js.map
C:\Users\Dipak\source\repos\Forex\Forex.WebApp\wwwroot\dist\out-tsc\src\app\core\models\appsettings.js
C:\Users\Dipak\source\repos\Forex\Forex.WebApp\wwwroot\dist\out-tsc\src\app\core\models\appsettings.js.map
C:\Users\Dipak\source\repos\Forex\Forex.WebApp\wwwroot\dist\out-tsc\src\environments\environment.js
C:\Users\Dipak\source\repos\Forex\Forex.WebApp\wwwroot\dist\out-tsc\src\environments\environment.js.map
C:\Users\Dipak\source\repos\Forex\Forex.WebApp\wwwroot\dist\out-tsc\src\app\core\services\appconfig.service.js
C:\Users\Dipak\source\repos\Forex\Forex.WebApp\wwwroot\dist\out-tsc\src\app\core\services\appconfig.service.js.map
C:\Users\Dipak\source\repos\Forex\Forex.WebApp\wwwroot\dist\out-tsc\src\app\shared\services\crud.service.js
C:\Users\Dipak\source\repos\Forex\Forex.WebApp\wwwroot\dist\out-tsc\src\app\shared\services\crud.service.js.map
C:\Users\Dipak\source\repos\Forex\Forex.WebApp\wwwroot\dist\out-tsc\src\app\forex\conversion\conversion.component.js
C:\Users\Dipak\source\repos\Forex\Forex.WebApp\wwwroot\dist\out-tsc\src\app\forex\conversion\conversion.component.js.map
C:\Users\Dipak\source\repos\Forex\Forex.WebApp\wwwroot\dist\out-tsc\src\app\forex\rate-history\rate-history.component.js
C:\Users\Dipak\source\repos\Forex\Forex.WebApp\wwwroot\dist\out-tsc\src\app\forex\rate-history\rate-history.component.js.map
C:\Users\Dipak\source\repos\Forex\Forex.WebApp\wwwroot\dist\out-tsc\src\app\app-routing.module.js
C:\Users\Dipak\source\repos\Forex\Forex.WebApp\wwwroot\dist\out-tsc\src\app\app-routing.module.js.map
C:\Users\Dipak\source\repos\Forex\Forex.WebApp\wwwroot\dist\out-tsc\src\app\app.component.js
C:\Users\Dipak\source\repos\Forex\Forex.WebApp\wwwroot\dist\out-tsc\src\app\app.component.js.map
C:\Users\Dipak\source\repos\Forex\Forex.WebApp\wwwroot\dist\out-tsc\src\app\core\components\navbar\navbar.component.js
C:\Users\Dipak\source\repos\Forex\Forex.WebApp\wwwroot\dist\out-tsc\src\app\core\components\navbar\navbar.component.js.map
C:\Users\Dipak\source\repos\Forex\Forex.WebApp\wwwroot\dist\out-tsc\src\app\core\core.module.js
C:\Users\Dipak\source\repos\Forex\Forex.WebApp\wwwroot\dist\out-tsc\src\app\core\core.module.js.map
C:\Users\Dipak\source\repos\Forex\Forex.WebApp\wwwroot\dist\out-tsc\src\app\forex\forex.module.js
C:\Users\Dipak\source\repos\Forex\Forex.WebApp\wwwroot\dist\out-tsc\src\app\forex\forex.module.js.map
C:\Users\Dipak\source\repos\Forex\Forex.WebApp\wwwroot\dist\out-tsc\src\app\app.module.js
C:\Users\Dipak\source\repos\Forex\Forex.WebApp\wwwroot\dist\out-tsc\src\app\app.module.js.map
C:\Users\Dipak\source\repos\Forex\Forex.WebApp\wwwroot\dist\out-tsc\src\main.js
C:\Users\Dipak\source\repos\Forex\Forex.WebApp\wwwroot\dist\out-tsc\src\main.js.map
C:\Users\Dipak\source\repos\Forex\Forex.WebApp\wwwroot\dist\out-tsc\src\polyfills.js
C:\Users\Dipak\source\repos\Forex\Forex.WebApp\wwwroot\dist\out-tsc\src\polyfills.js.map
C:\Users\Dipak\source\repos\Forex\Forex.WebApp\wwwroot\dist\out-tsc\src\test.js
C:\Users\Dipak\source\repos\Forex\Forex.WebApp\wwwroot\dist\out-tsc\src\test.js.map
C:\Users\Dipak\source\repos\Forex\Forex.WebApp\wwwroot\dist\out-tsc\src\app\app.component.spec.js
C:\Users\Dipak\source\repos\Forex\Forex.WebApp\wwwroot\dist\out-tsc\src\app\app.component.spec.js.map
C:\Users\Dipak\source\repos\Forex\Forex.WebApp\wwwroot\dist\out-tsc\src\app\core\components\navbar\navbar.component.spec.js
C:\Users\Dipak\source\repos\Forex\Forex.WebApp\wwwroot\dist\out-tsc\src\app\core\components\navbar\navbar.component.spec.js.map
C:\Users\Dipak\source\repos\Forex\Forex.WebApp\wwwroot\dist\out-tsc\src\app\core\services\appconfig.service.spec.js
C:\Users\Dipak\source\repos\Forex\Forex.WebApp\wwwroot\dist\out-tsc\src\app\core\services\appconfig.service.spec.js.map
C:\Users\Dipak\source\repos\Forex\Forex.WebApp\wwwroot\dist\out-tsc\src\app\forex\conversion\conversion.component.spec.js
C:\Users\Dipak\source\repos\Forex\Forex.WebApp\wwwroot\dist\out-tsc\src\app\forex\conversion\conversion.component.spec.js.map
C:\Users\Dipak\source\repos\Forex\Forex.WebApp\wwwroot\dist\out-tsc\src\app\forex\rate-history\rate-history.component.spec.js
C:\Users\Dipak\source\repos\Forex\Forex.WebApp\wwwroot\dist\out-tsc\src\app\forex\rate-history\rate-history.component.spec.js.map
C:\Users\Dipak\source\repos\Forex\Forex.WebApp\wwwroot\dist\out-tsc\src\app\shared\shared.module.js
C:\Users\Dipak\source\repos\Forex\Forex.WebApp\wwwroot\dist\out-tsc\src\app\shared\shared.module.js.map
C:\Users\Dipak\source\repos\Forex\Forex.WebApp\wwwroot\dist\out-tsc\src\app\shared\services\crud.service.spec.js
C:\Users\Dipak\source\repos\Forex\Forex.WebApp\wwwroot\dist\out-tsc\src\app\shared\services\crud.service.spec.js.map
C:\Users\Dipak\source\repos\Forex\Forex.WebApp\wwwroot\dist\out-tsc\src\environments\environment.prod.js
C:\Users\Dipak\source\repos\Forex\Forex.WebApp\wwwroot\dist\out-tsc\src\environments\environment.prod.js.map
C:\Users\Dipak\source\repos\Forex\Forex.WebApp\wwwroot\dist\out-tsc\src\environments\environment.staging.js
C:\Users\Dipak\source\repos\Forex\Forex.WebApp\wwwroot\dist\out-tsc\src\environments\environment.staging.js.map
